E:\WORKSPACE\PROJECT\DOUPOONLINE\CLIENT\TRUNK\FRAMEWORKS\COCOS2D-X\COCOS\EDITOR-SUPPORT\SPINE\PROJ.WIN32\DEBUG.WIN32\ANIMATIONSTATE.OBJ
E:\WORKSPACE\PROJECT\DOUPOONLINE\CLIENT\TRUNK\FRAMEWORKS\COCOS2D-X\COCOS\EDITOR-SUPPORT\SPINE\PROJ.WIN32\DEBUG.WIN32\ATTACHMENTLOADER.OBJ
E:\WORKSPACE\PROJECT\DOUPOONLINE\CLIENT\TRUNK\FRAMEWORKS\COCOS2D-X\COCOS\EDITOR-SUPPORT\SPINE\PROJ.WIN32\DEBUG.WIN32\BONEDATA.OBJ
E:\WORKSPACE\PROJECT\DOUPOONLINE\CLIENT\TRUNK\FRAMEWORKS\COCOS2D-X\COCOS\EDITOR-SUPPORT\SPINE\PROJ.WIN32\DEBUG.WIN32\EXTENSION.OBJ
E:\WORKSPACE\PROJECT\DOUPOONLINE\CLIENT\TRUNK\FRAMEWORKS\COCOS2D-X\COCOS\EDITOR-SUPPORT\SPINE\PROJ.WIN32\DEBUG.WIN32\MESHATTACHMENT.OBJ
E:\WORKSPACE\PROJECT\DOUPOONLINE\CLIENT\TRUNK\FRAMEWORKS\COCOS2D-X\COCOS\EDITOR-SUPPORT\SPINE\PROJ.WIN32\DEBUG.WIN32\SKELETONDATA.OBJ
E:\WORKSPACE\PROJECT\DOUPOONLINE\CLIENT\TRUNK\FRAMEWORKS\COCOS2D-X\COCOS\EDITOR-SUPPORT\SPINE\PROJ.WIN32\DEBUG.WIN32\SLOT.OBJ
E:\WORKSPACE\PROJECT\DOUPOONLINE\CLIENT\TRUNK\FRAMEWORKS\COCOS2D-X\COCOS\EDITOR-SUPPORT\SPINE\PROJ.WIN32\DEBUG.WIN32\ANIMATIONSTATEDATA.OBJ
E:\WORKSPACE\PROJECT\DOUPOONLINE\CLIENT\TRUNK\FRAMEWORKS\COCOS2D-X\COCOS\EDITOR-SUPPORT\SPINE\PROJ.WIN32\DEBUG.WIN32\ATLASATTACHMENTLOADER.OBJ
E:\WORKSPACE\PROJECT\DOUPOONLINE\CLIENT\TRUNK\FRAMEWORKS\COCOS2D-X\COCOS\EDITOR-SUPPORT\SPINE\PROJ.WIN32\DEBUG.WIN32\BOUNDINGBOXATTACHMENT.OBJ
E:\WORKSPACE\PROJECT\DOUPOONLINE\CLIENT\TRUNK\FRAMEWORKS\COCOS2D-X\COCOS\EDITOR-SUPPORT\SPINE\PROJ.WIN32\DEBUG.WIN32\IKCONSTRAINT.OBJ
E:\WORKSPACE\PROJECT\DOUPOONLINE\CLIENT\TRUNK\FRAMEWORKS\COCOS2D-X\COCOS\EDITOR-SUPPORT\SPINE\PROJ.WIN32\DEBUG.WIN32\REGIONATTACHMENT.OBJ
E:\WORKSPACE\PROJECT\DOUPOONLINE\CLIENT\TRUNK\FRAMEWORKS\COCOS2D-X\COCOS\EDITOR-SUPPORT\SPINE\PROJ.WIN32\DEBUG.WIN32\SKIN.OBJ
E:\WORKSPACE\PROJECT\DOUPOONLINE\CLIENT\TRUNK\FRAMEWORKS\COCOS2D-X\COCOS\EDITOR-SUPPORT\SPINE\PROJ.WIN32\DEBUG.WIN32\SLOTDATA.OBJ
E:\WORKSPACE\PROJECT\DOUPOONLINE\CLIENT\TRUNK\FRAMEWORKS\COCOS2D-X\COCOS\EDITOR-SUPPORT\SPINE\PROJ.WIN32\DEBUG.WIN32\ATLAS.OBJ
E:\WORKSPACE\PROJECT\DOUPOONLINE\CLIENT\TRUNK\FRAMEWORKS\COCOS2D-X\COCOS\EDITOR-SUPPORT\SPINE\PROJ.WIN32\DEBUG.WIN32\ATTACHMENT.OBJ
E:\WORKSPACE\PROJECT\DOUPOONLINE\CLIENT\TRUNK\FRAMEWORKS\COCOS2D-X\COCOS\EDITOR-SUPPORT\SPINE\PROJ.WIN32\DEBUG.WIN32\EVENT.OBJ
E:\WORKSPACE\PROJECT\DOUPOONLINE\CLIENT\TRUNK\FRAMEWORKS\COCOS2D-X\COCOS\EDITOR-SUPPORT\SPINE\PROJ.WIN32\DEBUG.WIN32\IKCONSTRAINTDATA.OBJ
E:\WORKSPACE\PROJECT\DOUPOONLINE\CLIENT\TRUNK\FRAMEWORKS\COCOS2D-X\COCOS\EDITOR-SUPPORT\SPINE\PROJ.WIN32\DEBUG.WIN32\SKELETON.OBJ
E:\WORKSPACE\PROJECT\DOUPOONLINE\CLIENT\TRUNK\FRAMEWORKS\COCOS2D-X\COCOS\EDITOR-SUPPORT\SPINE\PROJ.WIN32\DEBUG.WIN32\SKELETONJSON.OBJ
E:\WORKSPACE\PROJECT\DOUPOONLINE\CLIENT\TRUNK\FRAMEWORKS\COCOS2D-X\COCOS\EDITOR-SUPPORT\SPINE\PROJ.WIN32\DEBUG.WIN32\ANIMATION.OBJ
E:\WORKSPACE\PROJECT\DOUPOONLINE\CLIENT\TRUNK\FRAMEWORKS\COCOS2D-X\COCOS\EDITOR-SUPPORT\SPINE\PROJ.WIN32\DEBUG.WIN32\BONE.OBJ
E:\WORKSPACE\PROJECT\DOUPOONLINE\CLIENT\TRUNK\FRAMEWORKS\COCOS2D-X\COCOS\EDITOR-SUPPORT\SPINE\PROJ.WIN32\DEBUG.WIN32\EVENTDATA.OBJ
E:\WORKSPACE\PROJECT\DOUPOONLINE\CLIENT\TRUNK\FRAMEWORKS\COCOS2D-X\COCOS\EDITOR-SUPPORT\SPINE\PROJ.WIN32\DEBUG.WIN32\JSON.OBJ
E:\WORKSPACE\PROJECT\DOUPOONLINE\CLIENT\TRUNK\FRAMEWORKS\COCOS2D-X\COCOS\EDITOR-SUPPORT\SPINE\PROJ.WIN32\DEBUG.WIN32\SKELETONBOUNDS.OBJ
E:\WORKSPACE\PROJECT\DOUPOONLINE\CLIENT\TRUNK\FRAMEWORKS\COCOS2D-X\COCOS\EDITOR-SUPPORT\SPINE\PROJ.WIN32\DEBUG.WIN32\SKINNEDMESHATTACHMENT.OBJ
E:\WORKSPACE\PROJECT\DOUPOONLINE\CLIENT\TRUNK\FRAMEWORKS\COCOS2D-X\COCOS\EDITOR-SUPPORT\SPINE\PROJ.WIN32\DEBUG.WIN32\VC110.PDB
E:\WORKSPACE\PROJECT\DOUPOONLINE\CLIENT\TRUNK\FRAMEWORKS\COCOS2D-X\COCOS\EDITOR-SUPPORT\SPINE\PROJ.WIN32\DEBUG.WIN32\SKELETONANIMATION.OBJ
E:\WORKSPACE\PROJECT\DOUPOONLINE\CLIENT\TRUNK\FRAMEWORKS\COCOS2D-X\COCOS\EDITOR-SUPPORT\SPINE\PROJ.WIN32\DEBUG.WIN32\POLYGONBATCH.OBJ
E:\WORKSPACE\PROJECT\DOUPOONLINE\CLIENT\TRUNK\FRAMEWORKS\COCOS2D-X\COCOS\EDITOR-SUPPORT\SPINE\PROJ.WIN32\DEBUG.WIN32\SKELETONRENDERER.OBJ
E:\WORKSPACE\PROJECT\DOUPOONLINE\CLIENT\TRUNK\FRAMEWORKS\COCOS2D-X\COCOS\EDITOR-SUPPORT\SPINE\PROJ.WIN32\DEBUG.WIN32\SPINE-COCOS2DX.OBJ
E:\WORKSPACE\PROJECT\DOUPOONLINE\CLIENT\TRUNK\FRAMEWORKS\RUNTIME-SRC\PROJ.WIN32\DEBUG.WIN32\LIBSPINE.LIB
E:\workspace\PROJECT\DouPoOnline\Client\trunk\frameworks\cocos2d-x\cocos\editor-support\spine\proj.win32\Debug.win32\Animation.obj
E:\workspace\PROJECT\DouPoOnline\Client\trunk\frameworks\cocos2d-x\cocos\editor-support\spine\proj.win32\Debug.win32\AnimationState.obj
E:\workspace\PROJECT\DouPoOnline\Client\trunk\frameworks\cocos2d-x\cocos\editor-support\spine\proj.win32\Debug.win32\AnimationStateData.obj
E:\workspace\PROJECT\DouPoOnline\Client\trunk\frameworks\cocos2d-x\cocos\editor-support\spine\proj.win32\Debug.win32\Atlas.obj
E:\workspace\PROJECT\DouPoOnline\Client\trunk\frameworks\cocos2d-x\cocos\editor-support\spine\proj.win32\Debug.win32\AtlasAttachmentLoader.obj
E:\workspace\PROJECT\DouPoOnline\Client\trunk\frameworks\cocos2d-x\cocos\editor-support\spine\proj.win32\Debug.win32\Attachment.obj
E:\workspace\PROJECT\DouPoOnline\Client\trunk\frameworks\cocos2d-x\cocos\editor-support\spine\proj.win32\Debug.win32\AttachmentLoader.obj
E:\workspace\PROJECT\DouPoOnline\Client\trunk\frameworks\cocos2d-x\cocos\editor-support\spine\proj.win32\Debug.win32\Bone.obj
E:\workspace\PROJECT\DouPoOnline\Client\trunk\frameworks\cocos2d-x\cocos\editor-support\spine\proj.win32\Debug.win32\BoneData.obj
E:\workspace\PROJECT\DouPoOnline\Client\trunk\frameworks\cocos2d-x\cocos\editor-support\spine\proj.win32\Debug.win32\BoundingBoxAttachment.obj
E:\workspace\PROJECT\DouPoOnline\Client\trunk\frameworks\cocos2d-x\cocos\editor-support\spine\proj.win32\Debug.win32\Event.obj
E:\workspace\PROJECT\DouPoOnline\Client\trunk\frameworks\cocos2d-x\cocos\editor-support\spine\proj.win32\Debug.win32\EventData.obj
E:\workspace\PROJECT\DouPoOnline\Client\trunk\frameworks\cocos2d-x\cocos\editor-support\spine\proj.win32\Debug.win32\extension.obj
E:\workspace\PROJECT\DouPoOnline\Client\trunk\frameworks\cocos2d-x\cocos\editor-support\spine\proj.win32\Debug.win32\IkConstraint.obj
E:\workspace\PROJECT\DouPoOnline\Client\trunk\frameworks\cocos2d-x\cocos\editor-support\spine\proj.win32\Debug.win32\IkConstraintData.obj
E:\workspace\PROJECT\DouPoOnline\Client\trunk\frameworks\cocos2d-x\cocos\editor-support\spine\proj.win32\Debug.win32\Json.obj
E:\workspace\PROJECT\DouPoOnline\Client\trunk\frameworks\cocos2d-x\cocos\editor-support\spine\proj.win32\Debug.win32\MeshAttachment.obj
E:\workspace\PROJECT\DouPoOnline\Client\trunk\frameworks\cocos2d-x\cocos\editor-support\spine\proj.win32\Debug.win32\PolygonBatch.obj
E:\workspace\PROJECT\DouPoOnline\Client\trunk\frameworks\cocos2d-x\cocos\editor-support\spine\proj.win32\Debug.win32\RegionAttachment.obj
E:\workspace\PROJECT\DouPoOnline\Client\trunk\frameworks\cocos2d-x\cocos\editor-support\spine\proj.win32\Debug.win32\Skeleton.obj
E:\workspace\PROJECT\DouPoOnline\Client\trunk\frameworks\cocos2d-x\cocos\editor-support\spine\proj.win32\Debug.win32\SkeletonAnimation.obj
E:\workspace\PROJECT\DouPoOnline\Client\trunk\frameworks\cocos2d-x\cocos\editor-support\spine\proj.win32\Debug.win32\SkeletonBounds.obj
E:\workspace\PROJECT\DouPoOnline\Client\trunk\frameworks\cocos2d-x\cocos\editor-support\spine\proj.win32\Debug.win32\SkeletonData.obj
E:\workspace\PROJECT\DouPoOnline\Client\trunk\frameworks\cocos2d-x\cocos\editor-support\spine\proj.win32\Debug.win32\SkeletonJson.obj
E:\workspace\PROJECT\DouPoOnline\Client\trunk\frameworks\cocos2d-x\cocos\editor-support\spine\proj.win32\Debug.win32\SkeletonRenderer.obj
E:\workspace\PROJECT\DouPoOnline\Client\trunk\frameworks\cocos2d-x\cocos\editor-support\spine\proj.win32\Debug.win32\Skin.obj
E:\workspace\PROJECT\DouPoOnline\Client\trunk\frameworks\cocos2d-x\cocos\editor-support\spine\proj.win32\Debug.win32\SkinnedMeshAttachment.obj
E:\workspace\PROJECT\DouPoOnline\Client\trunk\frameworks\cocos2d-x\cocos\editor-support\spine\proj.win32\Debug.win32\Slot.obj
E:\workspace\PROJECT\DouPoOnline\Client\trunk\frameworks\cocos2d-x\cocos\editor-support\spine\proj.win32\Debug.win32\SlotData.obj
E:\workspace\PROJECT\DouPoOnline\Client\trunk\frameworks\cocos2d-x\cocos\editor-support\spine\proj.win32\Debug.win32\spine-cocos2dx.obj
E:\workspace\PROJECT\DouPoOnline\Client\trunk\frameworks\cocos2d-x\cocos\editor-support\spine\proj.win32\Debug.win32\CL.10608.read.1.tlog
E:\workspace\PROJECT\DouPoOnline\Client\trunk\frameworks\cocos2d-x\cocos\editor-support\spine\proj.win32\Debug.win32\CL.10608.write.1.tlog
E:\workspace\PROJECT\DouPoOnline\Client\trunk\frameworks\cocos2d-x\cocos\editor-support\spine\proj.win32\Debug.win32\CL.10976.read.1.tlog
E:\workspace\PROJECT\DouPoOnline\Client\trunk\frameworks\cocos2d-x\cocos\editor-support\spine\proj.win32\Debug.win32\CL.10976.write.1.tlog
E:\workspace\PROJECT\DouPoOnline\Client\trunk\frameworks\cocos2d-x\cocos\editor-support\spine\proj.win32\Debug.win32\CL.11100.read.1.tlog
E:\workspace\PROJECT\DouPoOnline\Client\trunk\frameworks\cocos2d-x\cocos\editor-support\spine\proj.win32\Debug.win32\CL.11100.write.1.tlog
E:\workspace\PROJECT\DouPoOnline\Client\trunk\frameworks\cocos2d-x\cocos\editor-support\spine\proj.win32\Debug.win32\CL.12412.read.1.tlog
E:\workspace\PROJECT\DouPoOnline\Client\trunk\frameworks\cocos2d-x\cocos\editor-support\spine\proj.win32\Debug.win32\CL.12412.write.1.tlog
E:\workspace\PROJECT\DouPoOnline\Client\trunk\frameworks\cocos2d-x\cocos\editor-support\spine\proj.win32\Debug.win32\CL.13032.read.1.tlog
E:\workspace\PROJECT\DouPoOnline\Client\trunk\frameworks\cocos2d-x\cocos\editor-support\spine\proj.win32\Debug.win32\CL.13032.write.1.tlog
E:\workspace\PROJECT\DouPoOnline\Client\trunk\frameworks\cocos2d-x\cocos\editor-support\spine\proj.win32\Debug.win32\CL.13148.read.1.tlog
E:\workspace\PROJECT\DouPoOnline\Client\trunk\frameworks\cocos2d-x\cocos\editor-support\spine\proj.win32\Debug.win32\CL.13148.write.1.tlog
E:\workspace\PROJECT\DouPoOnline\Client\trunk\frameworks\cocos2d-x\cocos\editor-support\spine\proj.win32\Debug.win32\CL.9472.read.1.tlog
E:\workspace\PROJECT\DouPoOnline\Client\trunk\frameworks\cocos2d-x\cocos\editor-support\spine\proj.win32\Debug.win32\CL.9472.write.1.tlog
E:\workspace\PROJECT\DouPoOnline\Client\trunk\frameworks\cocos2d-x\cocos\editor-support\spine\proj.win32\Debug.win32\CL.9988.read.1.tlog
E:\workspace\PROJECT\DouPoOnline\Client\trunk\frameworks\cocos2d-x\cocos\editor-support\spine\proj.win32\Debug.win32\CL.9988.write.1.tlog
E:\workspace\PROJECT\DouPoOnline\Client\trunk\frameworks\cocos2d-x\cocos\editor-support\spine\proj.win32\Debug.win32\cl.command.1.tlog
E:\workspace\PROJECT\DouPoOnline\Client\trunk\frameworks\cocos2d-x\cocos\editor-support\spine\proj.win32\Debug.win32\CL.read.1.tlog
E:\workspace\PROJECT\DouPoOnline\Client\trunk\frameworks\cocos2d-x\cocos\editor-support\spine\proj.win32\Debug.win32\CL.write.1.tlog
E:\workspace\PROJECT\DouPoOnline\Client\trunk\frameworks\cocos2d-x\cocos\editor-support\spine\proj.win32\Debug.win32\Lib-link.read.1.tlog
E:\workspace\PROJECT\DouPoOnline\Client\trunk\frameworks\cocos2d-x\cocos\editor-support\spine\proj.win32\Debug.win32\Lib-link.write.1.tlog
E:\workspace\PROJECT\DouPoOnline\Client\trunk\frameworks\cocos2d-x\cocos\editor-support\spine\proj.win32\Debug.win32\lib.command.1.tlog
E:\workspace\PROJECT\DouPoOnline\Client\trunk\frameworks\cocos2d-x\cocos\editor-support\spine\proj.win32\Debug.win32\vc110.idb
E:\workspace\PROJECT\DouPoOnline\Client\trunk\frameworks\cocos2d-x\cocos\editor-support\spine\proj.win32\Debug.win32\vc110.pdb
E:\workspace\PROJECT\DouPoOnline\Client\trunk\frameworks\runtime-src\proj.win32\Debug.win32\libSpine.lib
