E:\WORKSPACE\PROJECT\DOUPOONLINE\CLIENT\TRUNK\FRAMEWORKS\COCOS2D-X\COCOS\SCRIPTING\LUA-BINDINGS\PROJ.WIN32\DEBUG.WIN32\LIBLUACOCOS2D\AUXILIAR.OBJ
E:\WORKSPACE\PROJECT\DOUPOONLINE\CLIENT\TRUNK\FRAMEWORKS\COCOS2D-X\COCOS\SCRIPTING\LUA-BINDINGS\PROJ.WIN32\DEBUG.WIN32\LIBLUACOCOS2D\LUASOCKET.OBJ
E:\WORKSPACE\PROJECT\DOUPOONLINE\CLIENT\TRUNK\FRAMEWORKS\COCOS2D-X\COCOS\SCRIPTING\LUA-BINDINGS\PROJ.WIN32\DEBUG.WIN32\LIBLUACOCOS2D\TIMEOUT.OBJ
E:\WORKSPACE\PROJECT\DOUPOONLINE\CLIENT\TRUNK\FRAMEWORKS\COCOS2D-X\COCOS\SCRIPTING\LUA-BINDINGS\PROJ.WIN32\DEBUG.WIN32\LIBLUACOCOS2D\TOLUA_EVENT.OBJ
E:\WORKSPACE\PROJECT\DOUPOONLINE\CLIENT\TRUNK\FRAMEWORKS\COCOS2D-X\COCOS\SCRIPTING\LUA-BINDINGS\PROJ.WIN32\DEBUG.WIN32\LIBLUACOCOS2D\TOLUA_PUSH.OBJ
E:\WORKSPACE\PROJECT\DOUPOONLINE\CLIENT\TRUNK\FRAMEWORKS\COCOS2D-X\COCOS\SCRIPTING\LUA-BINDINGS\PROJ.WIN32\DEBUG.WIN32\LIBLUACOCOS2D\EXCEPT.OBJ
E:\WORKSPACE\PROJECT\DOUPOONLINE\CLIENT\TRUNK\FRAMEWORKS\COCOS2D-X\COCOS\SCRIPTING\LUA-BINDINGS\PROJ.WIN32\DEBUG.WIN32\LIBLUACOCOS2D\IO.OBJ
E:\WORKSPACE\PROJECT\DOUPOONLINE\CLIENT\TRUNK\FRAMEWORKS\COCOS2D-X\COCOS\SCRIPTING\LUA-BINDINGS\PROJ.WIN32\DEBUG.WIN32\LIBLUACOCOS2D\MIME.OBJ
E:\WORKSPACE\PROJECT\DOUPOONLINE\CLIENT\TRUNK\FRAMEWORKS\COCOS2D-X\COCOS\SCRIPTING\LUA-BINDINGS\PROJ.WIN32\DEBUG.WIN32\LIBLUACOCOS2D\SELECT.OBJ
E:\WORKSPACE\PROJECT\DOUPOONLINE\CLIENT\TRUNK\FRAMEWORKS\COCOS2D-X\COCOS\SCRIPTING\LUA-BINDINGS\PROJ.WIN32\DEBUG.WIN32\LIBLUACOCOS2D\WSOCKET.OBJ
E:\WORKSPACE\PROJECT\DOUPOONLINE\CLIENT\TRUNK\FRAMEWORKS\COCOS2D-X\COCOS\SCRIPTING\LUA-BINDINGS\PROJ.WIN32\DEBUG.WIN32\LIBLUACOCOS2D\BUFFER.OBJ
E:\WORKSPACE\PROJECT\DOUPOONLINE\CLIENT\TRUNK\FRAMEWORKS\COCOS2D-X\COCOS\SCRIPTING\LUA-BINDINGS\PROJ.WIN32\DEBUG.WIN32\LIBLUACOCOS2D\LUASOCKET_SCRIPTS.OBJ
E:\WORKSPACE\PROJECT\DOUPOONLINE\CLIENT\TRUNK\FRAMEWORKS\COCOS2D-X\COCOS\SCRIPTING\LUA-BINDINGS\PROJ.WIN32\DEBUG.WIN32\LIBLUACOCOS2D\OPTIONS.OBJ
E:\WORKSPACE\PROJECT\DOUPOONLINE\CLIENT\TRUNK\FRAMEWORKS\COCOS2D-X\COCOS\SCRIPTING\LUA-BINDINGS\PROJ.WIN32\DEBUG.WIN32\LIBLUACOCOS2D\UDP.OBJ
E:\WORKSPACE\PROJECT\DOUPOONLINE\CLIENT\TRUNK\FRAMEWORKS\COCOS2D-X\COCOS\SCRIPTING\LUA-BINDINGS\PROJ.WIN32\DEBUG.WIN32\LIBLUACOCOS2D\TOLUA_IS.OBJ
E:\WORKSPACE\PROJECT\DOUPOONLINE\CLIENT\TRUNK\FRAMEWORKS\COCOS2D-X\COCOS\SCRIPTING\LUA-BINDINGS\PROJ.WIN32\DEBUG.WIN32\LIBLUACOCOS2D\TOLUA_TO.OBJ
E:\WORKSPACE\PROJECT\DOUPOONLINE\CLIENT\TRUNK\FRAMEWORKS\COCOS2D-X\COCOS\SCRIPTING\LUA-BINDINGS\PROJ.WIN32\DEBUG.WIN32\LIBLUACOCOS2D\INET.OBJ
E:\WORKSPACE\PROJECT\DOUPOONLINE\CLIENT\TRUNK\FRAMEWORKS\COCOS2D-X\COCOS\SCRIPTING\LUA-BINDINGS\PROJ.WIN32\DEBUG.WIN32\LIBLUACOCOS2D\TCP.OBJ
E:\WORKSPACE\PROJECT\DOUPOONLINE\CLIENT\TRUNK\FRAMEWORKS\COCOS2D-X\COCOS\SCRIPTING\LUA-BINDINGS\PROJ.WIN32\DEBUG.WIN32\LIBLUACOCOS2D\TOLUA_MAP.OBJ
E:\WORKSPACE\PROJECT\DOUPOONLINE\CLIENT\TRUNK\FRAMEWORKS\COCOS2D-X\COCOS\SCRIPTING\LUA-BINDINGS\PROJ.WIN32\DEBUG.WIN32\LIBLUACOCOS2D\LUA_EXTENSIONS.OBJ
E:\WORKSPACE\PROJECT\DOUPOONLINE\CLIENT\TRUNK\FRAMEWORKS\COCOS2D-X\COCOS\SCRIPTING\LUA-BINDINGS\PROJ.WIN32\DEBUG.WIN32\LIBLUACOCOS2D\LUA_COCOS2DX_AUDIOENGINE_AUTO.OBJ
E:\WORKSPACE\PROJECT\DOUPOONLINE\CLIENT\TRUNK\FRAMEWORKS\COCOS2D-X\COCOS\SCRIPTING\LUA-BINDINGS\PROJ.WIN32\DEBUG.WIN32\LIBLUACOCOS2D\LUA_COCOS2DX_CSLOADER_AUTO.OBJ
E:\WORKSPACE\PROJECT\DOUPOONLINE\CLIENT\TRUNK\FRAMEWORKS\COCOS2D-X\COCOS\SCRIPTING\LUA-BINDINGS\PROJ.WIN32\DEBUG.WIN32\LIBLUACOCOS2D\LUA_COCOS2DX_SPINE_AUTO.OBJ
E:\WORKSPACE\PROJECT\DOUPOONLINE\CLIENT\TRUNK\FRAMEWORKS\COCOS2D-X\COCOS\SCRIPTING\LUA-BINDINGS\PROJ.WIN32\DEBUG.WIN32\LIBLUACOCOS2D\LUA_COCOS2DX_3D_MANUAL.OBJ
E:\WORKSPACE\PROJECT\DOUPOONLINE\CLIENT\TRUNK\FRAMEWORKS\COCOS2D-X\COCOS\SCRIPTING\LUA-BINDINGS\PROJ.WIN32\DEBUG.WIN32\LIBLUACOCOS2D\CCLUABRIDGE.OBJ
E:\WORKSPACE\PROJECT\DOUPOONLINE\CLIENT\TRUNK\FRAMEWORKS\COCOS2D-X\COCOS\SCRIPTING\LUA-BINDINGS\PROJ.WIN32\DEBUG.WIN32\LIBLUACOCOS2D\LUAOPENGL.OBJ
E:\WORKSPACE\PROJECT\DOUPOONLINE\CLIENT\TRUNK\FRAMEWORKS\COCOS2D-X\COCOS\SCRIPTING\LUA-BINDINGS\PROJ.WIN32\DEBUG.WIN32\LIBLUACOCOS2D\LUA_COCOS2DX_MANUAL.OBJ
E:\WORKSPACE\PROJECT\DOUPOONLINE\CLIENT\TRUNK\FRAMEWORKS\COCOS2D-X\COCOS\SCRIPTING\LUA-BINDINGS\PROJ.WIN32\DEBUG.WIN32\LIBLUACOCOS2D\LUA_COCOS2DX_COCOSDENSHION_MANUAL.OBJ
E:\WORKSPACE\PROJECT\DOUPOONLINE\CLIENT\TRUNK\FRAMEWORKS\COCOS2D-X\COCOS\SCRIPTING\LUA-BINDINGS\PROJ.WIN32\DEBUG.WIN32\LIBLUACOCOS2D\LUA_COCOS2DX_COCO_STUDIO_MANUAL.OBJ
E:\WORKSPACE\PROJECT\DOUPOONLINE\CLIENT\TRUNK\FRAMEWORKS\COCOS2D-X\COCOS\SCRIPTING\LUA-BINDINGS\PROJ.WIN32\DEBUG.WIN32\LIBLUACOCOS2D\LUA_XML_HTTP_REQUEST.OBJ
E:\WORKSPACE\PROJECT\DOUPOONLINE\CLIENT\TRUNK\FRAMEWORKS\COCOS2D-X\COCOS\SCRIPTING\LUA-BINDINGS\PROJ.WIN32\DEBUG.WIN32\LIBLUACOCOS2D\LUA_COCOS2DX_EXPERIMENTAL_VIDEO_MANUAL.OBJ
E:\WORKSPACE\PROJECT\DOUPOONLINE\CLIENT\TRUNK\FRAMEWORKS\COCOS2D-X\COCOS\SCRIPTING\LUA-BINDINGS\PROJ.WIN32\DEBUG.WIN32\LIBLUACOCOS2D\LUA_COCOS2DX_EXPERIMENTAL_WEBVIEW_MANUAL.OBJ
E:\WORKSPACE\PROJECT\DOUPOONLINE\CLIENT\TRUNK\FRAMEWORKS\COCOS2D-X\COCOS\SCRIPTING\LUA-BINDINGS\PROJ.WIN32\DEBUG.WIN32\LIBLUACOCOS2D\LUA_COCOS2DX_UI_MANUAL.OBJ
E:\WORKSPACE\PROJECT\DOUPOONLINE\CLIENT\TRUNK\FRAMEWORKS\COCOS2D-X\COCOS\SCRIPTING\LUA-BINDINGS\PROJ.WIN32\DEBUG.WIN32\LIBLUACOCOS2D\LUA_COCOS2DX_3D_AUTO.OBJ
E:\WORKSPACE\PROJECT\DOUPOONLINE\CLIENT\TRUNK\FRAMEWORKS\COCOS2D-X\COCOS\SCRIPTING\LUA-BINDINGS\PROJ.WIN32\DEBUG.WIN32\LIBLUACOCOS2D\LUA_COCOS2DX_COCOSDENSHION_AUTO.OBJ
E:\WORKSPACE\PROJECT\DOUPOONLINE\CLIENT\TRUNK\FRAMEWORKS\COCOS2D-X\COCOS\SCRIPTING\LUA-BINDINGS\PROJ.WIN32\DEBUG.WIN32\LIBLUACOCOS2D\LUA_COCOS2DX_PHYSICS_AUTO.OBJ
E:\WORKSPACE\PROJECT\DOUPOONLINE\CLIENT\TRUNK\FRAMEWORKS\COCOS2D-X\COCOS\SCRIPTING\LUA-BINDINGS\PROJ.WIN32\DEBUG.WIN32\LIBLUACOCOS2D\LUA_COCOS2DX_AUDIOENGINE_MANUAL.OBJ
E:\WORKSPACE\PROJECT\DOUPOONLINE\CLIENT\TRUNK\FRAMEWORKS\COCOS2D-X\COCOS\SCRIPTING\LUA-BINDINGS\PROJ.WIN32\DEBUG.WIN32\LIBLUACOCOS2D\CCLUAENGINE.OBJ
E:\WORKSPACE\PROJECT\DOUPOONLINE\CLIENT\TRUNK\FRAMEWORKS\COCOS2D-X\COCOS\SCRIPTING\LUA-BINDINGS\PROJ.WIN32\DEBUG.WIN32\LIBLUACOCOS2D\LUASCRIPTHANDLERMGR.OBJ
E:\WORKSPACE\PROJECT\DOUPOONLINE\CLIENT\TRUNK\FRAMEWORKS\COCOS2D-X\COCOS\SCRIPTING\LUA-BINDINGS\PROJ.WIN32\DEBUG.WIN32\LIBLUACOCOS2D\LUA_COCOS2DX_PHYSICS_MANUAL.OBJ
E:\WORKSPACE\PROJECT\DOUPOONLINE\CLIENT\TRUNK\FRAMEWORKS\COCOS2D-X\COCOS\SCRIPTING\LUA-BINDINGS\PROJ.WIN32\DEBUG.WIN32\LIBLUACOCOS2D\CUSTOMGUIREADER.OBJ
E:\WORKSPACE\PROJECT\DOUPOONLINE\CLIENT\TRUNK\FRAMEWORKS\COCOS2D-X\COCOS\SCRIPTING\LUA-BINDINGS\PROJ.WIN32\DEBUG.WIN32\LIBLUACOCOS2D\LUABASICCONVERSIONS.OBJ
E:\WORKSPACE\PROJECT\DOUPOONLINE\CLIENT\TRUNK\FRAMEWORKS\COCOS2D-X\COCOS\SCRIPTING\LUA-BINDINGS\PROJ.WIN32\DEBUG.WIN32\LIBLUACOCOS2D\LUA_COCOS2DX_NETWORK_MANUAL.OBJ
E:\WORKSPACE\PROJECT\DOUPOONLINE\CLIENT\TRUNK\FRAMEWORKS\COCOS2D-X\COCOS\SCRIPTING\LUA-BINDINGS\PROJ.WIN32\DEBUG.WIN32\LIBLUACOCOS2D\LUA_COCOS2DX_SPINE_MANUAL.OBJ
E:\WORKSPACE\PROJECT\DOUPOONLINE\CLIENT\TRUNK\FRAMEWORKS\COCOS2D-X\COCOS\SCRIPTING\LUA-BINDINGS\PROJ.WIN32\DEBUG.WIN32\LIBLUACOCOS2D\XXTEA.OBJ
E:\WORKSPACE\PROJECT\DOUPOONLINE\CLIENT\TRUNK\FRAMEWORKS\COCOS2D-X\COCOS\SCRIPTING\LUA-BINDINGS\PROJ.WIN32\DEBUG.WIN32\LIBLUACOCOS2D\LUA_COCOS2DX_COCOSBUILDER_AUTO.OBJ
E:\WORKSPACE\PROJECT\DOUPOONLINE\CLIENT\TRUNK\FRAMEWORKS\COCOS2D-X\COCOS\SCRIPTING\LUA-BINDINGS\PROJ.WIN32\DEBUG.WIN32\LIBLUACOCOS2D\LUA_COCOS2DX_EXPERIMENTAL_AUTO.OBJ
E:\WORKSPACE\PROJECT\DOUPOONLINE\CLIENT\TRUNK\FRAMEWORKS\COCOS2D-X\COCOS\SCRIPTING\LUA-BINDINGS\PROJ.WIN32\DEBUG.WIN32\LIBLUACOCOS2D\LUA_COCOS2DX_STUDIO_AUTO.OBJ
E:\WORKSPACE\PROJECT\DOUPOONLINE\CLIENT\TRUNK\FRAMEWORKS\COCOS2D-X\COCOS\SCRIPTING\LUA-BINDINGS\PROJ.WIN32\DEBUG.WIN32\LIBLUACOCOS2D\CCLUAVALUE.OBJ
E:\WORKSPACE\PROJECT\DOUPOONLINE\CLIENT\TRUNK\FRAMEWORKS\COCOS2D-X\COCOS\SCRIPTING\LUA-BINDINGS\PROJ.WIN32\DEBUG.WIN32\LIBLUACOCOS2D\COCOS2DXLUALOADER.OBJ
E:\WORKSPACE\PROJECT\DOUPOONLINE\CLIENT\TRUNK\FRAMEWORKS\COCOS2D-X\COCOS\SCRIPTING\LUA-BINDINGS\PROJ.WIN32\DEBUG.WIN32\LIBLUACOCOS2D\LUA_COCOS2DX_EXPERIMENTAL_MANUAL.OBJ
E:\WORKSPACE\PROJECT\DOUPOONLINE\CLIENT\TRUNK\FRAMEWORKS\COCOS2D-X\COCOS\SCRIPTING\LUA-BINDINGS\PROJ.WIN32\DEBUG.WIN32\LIBLUACOCOS2D\LUA_COCOS2DX_COCOSBUILDER_MANUAL.OBJ
E:\WORKSPACE\PROJECT\DOUPOONLINE\CLIENT\TRUNK\FRAMEWORKS\COCOS2D-X\COCOS\SCRIPTING\LUA-BINDINGS\PROJ.WIN32\DEBUG.WIN32\LIBLUACOCOS2D\LUA_COCOS2DX_EXTENSION_MANUAL.OBJ
E:\WORKSPACE\PROJECT\DOUPOONLINE\CLIENT\TRUNK\FRAMEWORKS\COCOS2D-X\COCOS\SCRIPTING\LUA-BINDINGS\PROJ.WIN32\DEBUG.WIN32\LIBLUACOCOS2D\LUASKELETONANIMATION.OBJ
E:\WORKSPACE\PROJECT\DOUPOONLINE\CLIENT\TRUNK\FRAMEWORKS\COCOS2D-X\COCOS\SCRIPTING\LUA-BINDINGS\PROJ.WIN32\DEBUG.WIN32\LIBLUACOCOS2D\LUA_COCOS2DX_AUTO.OBJ
E:\WORKSPACE\PROJECT\DOUPOONLINE\CLIENT\TRUNK\FRAMEWORKS\COCOS2D-X\COCOS\SCRIPTING\LUA-BINDINGS\PROJ.WIN32\DEBUG.WIN32\LIBLUACOCOS2D\LUA_COCOS2DX_EXPERIMENTAL_VIDEO_AUTO.OBJ
E:\WORKSPACE\PROJECT\DOUPOONLINE\CLIENT\TRUNK\FRAMEWORKS\COCOS2D-X\COCOS\SCRIPTING\LUA-BINDINGS\PROJ.WIN32\DEBUG.WIN32\LIBLUACOCOS2D\LUA_COCOS2DX_EXPERIMENTAL_WEBVIEW_AUTO.OBJ
E:\WORKSPACE\PROJECT\DOUPOONLINE\CLIENT\TRUNK\FRAMEWORKS\COCOS2D-X\COCOS\SCRIPTING\LUA-BINDINGS\PROJ.WIN32\DEBUG.WIN32\LIBLUACOCOS2D\LUA_COCOS2DX_EXTENSION_AUTO.OBJ
E:\WORKSPACE\PROJECT\DOUPOONLINE\CLIENT\TRUNK\FRAMEWORKS\COCOS2D-X\COCOS\SCRIPTING\LUA-BINDINGS\PROJ.WIN32\DEBUG.WIN32\LIBLUACOCOS2D\LUA_COCOS2DX_UI_AUTO.OBJ
E:\WORKSPACE\PROJECT\DOUPOONLINE\CLIENT\TRUNK\FRAMEWORKS\COCOS2D-X\COCOS\SCRIPTING\LUA-BINDINGS\PROJ.WIN32\DEBUG.WIN32\LIBLUACOCOS2D\CCLUASTACK.OBJ
E:\WORKSPACE\PROJECT\DOUPOONLINE\CLIENT\TRUNK\FRAMEWORKS\COCOS2D-X\COCOS\SCRIPTING\LUA-BINDINGS\PROJ.WIN32\DEBUG.WIN32\LIBLUACOCOS2D\LUA_COCOS2DX_DEPRECATED.OBJ
E:\WORKSPACE\PROJECT\DOUPOONLINE\CLIENT\TRUNK\FRAMEWORKS\COCOS2D-X\COCOS\SCRIPTING\LUA-BINDINGS\PROJ.WIN32\DEBUG.WIN32\LIBLUACOCOS2D\CCBPROXY.OBJ
E:\WORKSPACE\PROJECT\DOUPOONLINE\CLIENT\TRUNK\FRAMEWORKS\COCOS2D-X\COCOS\SCRIPTING\LUA-BINDINGS\PROJ.WIN32\DEBUG.WIN32\LIBLUACOCOS2D\LUA-COCOS-STUDIO-CONVERSIONS.OBJ
E:\WORKSPACE\PROJECT\DOUPOONLINE\CLIENT\TRUNK\FRAMEWORKS\COCOS2D-X\COCOS\SCRIPTING\LUA-BINDINGS\PROJ.WIN32\DEBUG.WIN32\LIBLUACOCOS2D\LUA_COCOS2DX_CSLOADER_MANUAL.OBJ
E:\WORKSPACE\PROJECT\DOUPOONLINE\CLIENT\TRUNK\FRAMEWORKS\COCOS2D-X\COCOS\SCRIPTING\LUA-BINDINGS\PROJ.WIN32\DEBUG.WIN32\LIBLUACOCOS2D\LUA_WEB_SOCKET.OBJ
E:\WORKSPACE\PROJECT\DOUPOONLINE\CLIENT\TRUNK\FRAMEWORKS\COCOS2D-X\COCOS\SCRIPTING\LUA-BINDINGS\PROJ.WIN32\DEBUG.WIN32\LIBLUACOCOS2D\TOLUA_FIX.OBJ
E:\WORKSPACE\PROJECT\DOUPOONLINE\CLIENT\TRUNK\FRAMEWORKS\RUNTIME-SRC\PROJ.WIN32\DEBUG.WIN32\LIBLUACOCOS2D.LIB
E:\workspace\PROJECT\DouPoOnline\Client\trunk\frameworks\cocos2d-x\cocos\scripting\lua-bindings\proj.win32\Debug.win32\libluacocos2d\auxiliar.obj
E:\workspace\PROJECT\DouPoOnline\Client\trunk\frameworks\cocos2d-x\cocos\scripting\lua-bindings\proj.win32\Debug.win32\libluacocos2d\buffer.obj
E:\workspace\PROJECT\DouPoOnline\Client\trunk\frameworks\cocos2d-x\cocos\scripting\lua-bindings\proj.win32\Debug.win32\libluacocos2d\CCBProxy.obj
E:\workspace\PROJECT\DouPoOnline\Client\trunk\frameworks\cocos2d-x\cocos\scripting\lua-bindings\proj.win32\Debug.win32\libluacocos2d\CCLuaBridge.obj
E:\workspace\PROJECT\DouPoOnline\Client\trunk\frameworks\cocos2d-x\cocos\scripting\lua-bindings\proj.win32\Debug.win32\libluacocos2d\CCLuaEngine.obj
E:\workspace\PROJECT\DouPoOnline\Client\trunk\frameworks\cocos2d-x\cocos\scripting\lua-bindings\proj.win32\Debug.win32\libluacocos2d\CCLuaStack.obj
E:\workspace\PROJECT\DouPoOnline\Client\trunk\frameworks\cocos2d-x\cocos\scripting\lua-bindings\proj.win32\Debug.win32\libluacocos2d\CCLuaValue.obj
E:\workspace\PROJECT\DouPoOnline\Client\trunk\frameworks\cocos2d-x\cocos\scripting\lua-bindings\proj.win32\Debug.win32\libluacocos2d\Cocos2dxLuaLoader.obj
E:\workspace\PROJECT\DouPoOnline\Client\trunk\frameworks\cocos2d-x\cocos\scripting\lua-bindings\proj.win32\Debug.win32\libluacocos2d\CustomGUIReader.obj
E:\workspace\PROJECT\DouPoOnline\Client\trunk\frameworks\cocos2d-x\cocos\scripting\lua-bindings\proj.win32\Debug.win32\libluacocos2d\except.obj
E:\workspace\PROJECT\DouPoOnline\Client\trunk\frameworks\cocos2d-x\cocos\scripting\lua-bindings\proj.win32\Debug.win32\libluacocos2d\inet.obj
E:\workspace\PROJECT\DouPoOnline\Client\trunk\frameworks\cocos2d-x\cocos\scripting\lua-bindings\proj.win32\Debug.win32\libluacocos2d\io.obj
E:\workspace\PROJECT\DouPoOnline\Client\trunk\frameworks\cocos2d-x\cocos\scripting\lua-bindings\proj.win32\Debug.win32\libluacocos2d\lua-cocos-studio-conversions.obj
E:\workspace\PROJECT\DouPoOnline\Client\trunk\frameworks\cocos2d-x\cocos\scripting\lua-bindings\proj.win32\Debug.win32\libluacocos2d\LuaBasicConversions.obj
E:\workspace\PROJECT\DouPoOnline\Client\trunk\frameworks\cocos2d-x\cocos\scripting\lua-bindings\proj.win32\Debug.win32\libluacocos2d\LuaOpengl.obj
E:\workspace\PROJECT\DouPoOnline\Client\trunk\frameworks\cocos2d-x\cocos\scripting\lua-bindings\proj.win32\Debug.win32\libluacocos2d\LuaScriptHandlerMgr.obj
E:\workspace\PROJECT\DouPoOnline\Client\trunk\frameworks\cocos2d-x\cocos\scripting\lua-bindings\proj.win32\Debug.win32\libluacocos2d\LuaSkeletonAnimation.obj
E:\workspace\PROJECT\DouPoOnline\Client\trunk\frameworks\cocos2d-x\cocos\scripting\lua-bindings\proj.win32\Debug.win32\libluacocos2d\luasocket.obj
E:\workspace\PROJECT\DouPoOnline\Client\trunk\frameworks\cocos2d-x\cocos\scripting\lua-bindings\proj.win32\Debug.win32\libluacocos2d\luasocket_scripts.obj
E:\workspace\PROJECT\DouPoOnline\Client\trunk\frameworks\cocos2d-x\cocos\scripting\lua-bindings\proj.win32\Debug.win32\libluacocos2d\lua_cocos2dx_3d_auto.obj
E:\workspace\PROJECT\DouPoOnline\Client\trunk\frameworks\cocos2d-x\cocos\scripting\lua-bindings\proj.win32\Debug.win32\libluacocos2d\lua_cocos2dx_3d_manual.obj
E:\workspace\PROJECT\DouPoOnline\Client\trunk\frameworks\cocos2d-x\cocos\scripting\lua-bindings\proj.win32\Debug.win32\libluacocos2d\lua_cocos2dx_audioengine_auto.obj
E:\workspace\PROJECT\DouPoOnline\Client\trunk\frameworks\cocos2d-x\cocos\scripting\lua-bindings\proj.win32\Debug.win32\libluacocos2d\lua_cocos2dx_audioengine_manual.obj
E:\workspace\PROJECT\DouPoOnline\Client\trunk\frameworks\cocos2d-x\cocos\scripting\lua-bindings\proj.win32\Debug.win32\libluacocos2d\lua_cocos2dx_auto.obj
E:\workspace\PROJECT\DouPoOnline\Client\trunk\frameworks\cocos2d-x\cocos\scripting\lua-bindings\proj.win32\Debug.win32\libluacocos2d\lua_cocos2dx_cocosbuilder_auto.obj
E:\workspace\PROJECT\DouPoOnline\Client\trunk\frameworks\cocos2d-x\cocos\scripting\lua-bindings\proj.win32\Debug.win32\libluacocos2d\lua_cocos2dx_cocosbuilder_manual.obj
E:\workspace\PROJECT\DouPoOnline\Client\trunk\frameworks\cocos2d-x\cocos\scripting\lua-bindings\proj.win32\Debug.win32\libluacocos2d\lua_cocos2dx_cocosdenshion_auto.obj
E:\workspace\PROJECT\DouPoOnline\Client\trunk\frameworks\cocos2d-x\cocos\scripting\lua-bindings\proj.win32\Debug.win32\libluacocos2d\lua_cocos2dx_cocosdenshion_manual.obj
E:\workspace\PROJECT\DouPoOnline\Client\trunk\frameworks\cocos2d-x\cocos\scripting\lua-bindings\proj.win32\Debug.win32\libluacocos2d\lua_cocos2dx_coco_studio_manual.obj
E:\workspace\PROJECT\DouPoOnline\Client\trunk\frameworks\cocos2d-x\cocos\scripting\lua-bindings\proj.win32\Debug.win32\libluacocos2d\lua_cocos2dx_csloader_auto.obj
E:\workspace\PROJECT\DouPoOnline\Client\trunk\frameworks\cocos2d-x\cocos\scripting\lua-bindings\proj.win32\Debug.win32\libluacocos2d\lua_cocos2dx_csloader_manual.obj
E:\workspace\PROJECT\DouPoOnline\Client\trunk\frameworks\cocos2d-x\cocos\scripting\lua-bindings\proj.win32\Debug.win32\libluacocos2d\lua_cocos2dx_deprecated.obj
E:\workspace\PROJECT\DouPoOnline\Client\trunk\frameworks\cocos2d-x\cocos\scripting\lua-bindings\proj.win32\Debug.win32\libluacocos2d\lua_cocos2dx_experimental_auto.obj
E:\workspace\PROJECT\DouPoOnline\Client\trunk\frameworks\cocos2d-x\cocos\scripting\lua-bindings\proj.win32\Debug.win32\libluacocos2d\lua_cocos2dx_experimental_manual.obj
E:\workspace\PROJECT\DouPoOnline\Client\trunk\frameworks\cocos2d-x\cocos\scripting\lua-bindings\proj.win32\Debug.win32\libluacocos2d\lua_cocos2dx_experimental_video_auto.obj
E:\workspace\PROJECT\DouPoOnline\Client\trunk\frameworks\cocos2d-x\cocos\scripting\lua-bindings\proj.win32\Debug.win32\libluacocos2d\lua_cocos2dx_experimental_video_manual.obj
E:\workspace\PROJECT\DouPoOnline\Client\trunk\frameworks\cocos2d-x\cocos\scripting\lua-bindings\proj.win32\Debug.win32\libluacocos2d\lua_cocos2dx_experimental_webview_auto.obj
E:\workspace\PROJECT\DouPoOnline\Client\trunk\frameworks\cocos2d-x\cocos\scripting\lua-bindings\proj.win32\Debug.win32\libluacocos2d\lua_cocos2dx_experimental_webview_manual.obj
E:\workspace\PROJECT\DouPoOnline\Client\trunk\frameworks\cocos2d-x\cocos\scripting\lua-bindings\proj.win32\Debug.win32\libluacocos2d\lua_cocos2dx_extension_auto.obj
E:\workspace\PROJECT\DouPoOnline\Client\trunk\frameworks\cocos2d-x\cocos\scripting\lua-bindings\proj.win32\Debug.win32\libluacocos2d\lua_cocos2dx_extension_manual.obj
E:\workspace\PROJECT\DouPoOnline\Client\trunk\frameworks\cocos2d-x\cocos\scripting\lua-bindings\proj.win32\Debug.win32\libluacocos2d\lua_cocos2dx_manual.obj
E:\workspace\PROJECT\DouPoOnline\Client\trunk\frameworks\cocos2d-x\cocos\scripting\lua-bindings\proj.win32\Debug.win32\libluacocos2d\lua_cocos2dx_network_manual.obj
E:\workspace\PROJECT\DouPoOnline\Client\trunk\frameworks\cocos2d-x\cocos\scripting\lua-bindings\proj.win32\Debug.win32\libluacocos2d\lua_cocos2dx_physics_auto.obj
E:\workspace\PROJECT\DouPoOnline\Client\trunk\frameworks\cocos2d-x\cocos\scripting\lua-bindings\proj.win32\Debug.win32\libluacocos2d\lua_cocos2dx_physics_manual.obj
E:\workspace\PROJECT\DouPoOnline\Client\trunk\frameworks\cocos2d-x\cocos\scripting\lua-bindings\proj.win32\Debug.win32\libluacocos2d\lua_cocos2dx_spine_auto.obj
E:\workspace\PROJECT\DouPoOnline\Client\trunk\frameworks\cocos2d-x\cocos\scripting\lua-bindings\proj.win32\Debug.win32\libluacocos2d\lua_cocos2dx_spine_manual.obj
E:\workspace\PROJECT\DouPoOnline\Client\trunk\frameworks\cocos2d-x\cocos\scripting\lua-bindings\proj.win32\Debug.win32\libluacocos2d\lua_cocos2dx_studio_auto.obj
E:\workspace\PROJECT\DouPoOnline\Client\trunk\frameworks\cocos2d-x\cocos\scripting\lua-bindings\proj.win32\Debug.win32\libluacocos2d\lua_cocos2dx_ui_auto.obj
E:\workspace\PROJECT\DouPoOnline\Client\trunk\frameworks\cocos2d-x\cocos\scripting\lua-bindings\proj.win32\Debug.win32\libluacocos2d\lua_cocos2dx_ui_manual.obj
E:\workspace\PROJECT\DouPoOnline\Client\trunk\frameworks\cocos2d-x\cocos\scripting\lua-bindings\proj.win32\Debug.win32\libluacocos2d\lua_extensions.obj
E:\workspace\PROJECT\DouPoOnline\Client\trunk\frameworks\cocos2d-x\cocos\scripting\lua-bindings\proj.win32\Debug.win32\libluacocos2d\Lua_web_socket.obj
E:\workspace\PROJECT\DouPoOnline\Client\trunk\frameworks\cocos2d-x\cocos\scripting\lua-bindings\proj.win32\Debug.win32\libluacocos2d\lua_xml_http_request.obj
E:\workspace\PROJECT\DouPoOnline\Client\trunk\frameworks\cocos2d-x\cocos\scripting\lua-bindings\proj.win32\Debug.win32\libluacocos2d\mime.obj
E:\workspace\PROJECT\DouPoOnline\Client\trunk\frameworks\cocos2d-x\cocos\scripting\lua-bindings\proj.win32\Debug.win32\libluacocos2d\options.obj
E:\workspace\PROJECT\DouPoOnline\Client\trunk\frameworks\cocos2d-x\cocos\scripting\lua-bindings\proj.win32\Debug.win32\libluacocos2d\select.obj
E:\workspace\PROJECT\DouPoOnline\Client\trunk\frameworks\cocos2d-x\cocos\scripting\lua-bindings\proj.win32\Debug.win32\libluacocos2d\tcp.obj
E:\workspace\PROJECT\DouPoOnline\Client\trunk\frameworks\cocos2d-x\cocos\scripting\lua-bindings\proj.win32\Debug.win32\libluacocos2d\timeout.obj
E:\workspace\PROJECT\DouPoOnline\Client\trunk\frameworks\cocos2d-x\cocos\scripting\lua-bindings\proj.win32\Debug.win32\libluacocos2d\tolua_event.obj
E:\workspace\PROJECT\DouPoOnline\Client\trunk\frameworks\cocos2d-x\cocos\scripting\lua-bindings\proj.win32\Debug.win32\libluacocos2d\tolua_fix.obj
E:\workspace\PROJECT\DouPoOnline\Client\trunk\frameworks\cocos2d-x\cocos\scripting\lua-bindings\proj.win32\Debug.win32\libluacocos2d\tolua_is.obj
E:\workspace\PROJECT\DouPoOnline\Client\trunk\frameworks\cocos2d-x\cocos\scripting\lua-bindings\proj.win32\Debug.win32\libluacocos2d\tolua_map.obj
E:\workspace\PROJECT\DouPoOnline\Client\trunk\frameworks\cocos2d-x\cocos\scripting\lua-bindings\proj.win32\Debug.win32\libluacocos2d\tolua_push.obj
E:\workspace\PROJECT\DouPoOnline\Client\trunk\frameworks\cocos2d-x\cocos\scripting\lua-bindings\proj.win32\Debug.win32\libluacocos2d\tolua_to.obj
E:\workspace\PROJECT\DouPoOnline\Client\trunk\frameworks\cocos2d-x\cocos\scripting\lua-bindings\proj.win32\Debug.win32\libluacocos2d\udp.obj
E:\workspace\PROJECT\DouPoOnline\Client\trunk\frameworks\cocos2d-x\cocos\scripting\lua-bindings\proj.win32\Debug.win32\libluacocos2d\wsocket.obj
E:\workspace\PROJECT\DouPoOnline\Client\trunk\frameworks\cocos2d-x\cocos\scripting\lua-bindings\proj.win32\Debug.win32\libluacocos2d\xxtea.obj
E:\workspace\PROJECT\DouPoOnline\Client\trunk\frameworks\cocos2d-x\cocos\scripting\lua-bindings\proj.win32\Debug.win32\libluacocos2d\CL.10788.read.1.tlog
E:\workspace\PROJECT\DouPoOnline\Client\trunk\frameworks\cocos2d-x\cocos\scripting\lua-bindings\proj.win32\Debug.win32\libluacocos2d\CL.10788.write.1.tlog
E:\workspace\PROJECT\DouPoOnline\Client\trunk\frameworks\cocos2d-x\cocos\scripting\lua-bindings\proj.win32\Debug.win32\libluacocos2d\CL.12552.read.1.tlog
E:\workspace\PROJECT\DouPoOnline\Client\trunk\frameworks\cocos2d-x\cocos\scripting\lua-bindings\proj.win32\Debug.win32\libluacocos2d\CL.12552.write.1.tlog
E:\workspace\PROJECT\DouPoOnline\Client\trunk\frameworks\cocos2d-x\cocos\scripting\lua-bindings\proj.win32\Debug.win32\libluacocos2d\CL.4940.read.1.tlog
E:\workspace\PROJECT\DouPoOnline\Client\trunk\frameworks\cocos2d-x\cocos\scripting\lua-bindings\proj.win32\Debug.win32\libluacocos2d\CL.4940.write.1.tlog
E:\workspace\PROJECT\DouPoOnline\Client\trunk\frameworks\cocos2d-x\cocos\scripting\lua-bindings\proj.win32\Debug.win32\libluacocos2d\CL.5792.read.1.tlog
E:\workspace\PROJECT\DouPoOnline\Client\trunk\frameworks\cocos2d-x\cocos\scripting\lua-bindings\proj.win32\Debug.win32\libluacocos2d\CL.5792.write.1.tlog
E:\workspace\PROJECT\DouPoOnline\Client\trunk\frameworks\cocos2d-x\cocos\scripting\lua-bindings\proj.win32\Debug.win32\libluacocos2d\CL.6952.read.1.tlog
E:\workspace\PROJECT\DouPoOnline\Client\trunk\frameworks\cocos2d-x\cocos\scripting\lua-bindings\proj.win32\Debug.win32\libluacocos2d\CL.6952.write.1.tlog
E:\workspace\PROJECT\DouPoOnline\Client\trunk\frameworks\cocos2d-x\cocos\scripting\lua-bindings\proj.win32\Debug.win32\libluacocos2d\CL.7880.read.1.tlog
E:\workspace\PROJECT\DouPoOnline\Client\trunk\frameworks\cocos2d-x\cocos\scripting\lua-bindings\proj.win32\Debug.win32\libluacocos2d\CL.7880.write.1.tlog
E:\workspace\PROJECT\DouPoOnline\Client\trunk\frameworks\cocos2d-x\cocos\scripting\lua-bindings\proj.win32\Debug.win32\libluacocos2d\CL.8664.read.1.tlog
E:\workspace\PROJECT\DouPoOnline\Client\trunk\frameworks\cocos2d-x\cocos\scripting\lua-bindings\proj.win32\Debug.win32\libluacocos2d\CL.8664.write.1.tlog
E:\workspace\PROJECT\DouPoOnline\Client\trunk\frameworks\cocos2d-x\cocos\scripting\lua-bindings\proj.win32\Debug.win32\libluacocos2d\CL.8992.read.1.tlog
E:\workspace\PROJECT\DouPoOnline\Client\trunk\frameworks\cocos2d-x\cocos\scripting\lua-bindings\proj.win32\Debug.win32\libluacocos2d\CL.8992.write.1.tlog
E:\workspace\PROJECT\DouPoOnline\Client\trunk\frameworks\cocos2d-x\cocos\scripting\lua-bindings\proj.win32\Debug.win32\libluacocos2d\cl.command.1.tlog
E:\workspace\PROJECT\DouPoOnline\Client\trunk\frameworks\cocos2d-x\cocos\scripting\lua-bindings\proj.win32\Debug.win32\libluacocos2d\CL.read.1.tlog
E:\workspace\PROJECT\DouPoOnline\Client\trunk\frameworks\cocos2d-x\cocos\scripting\lua-bindings\proj.win32\Debug.win32\libluacocos2d\CL.write.1.tlog
E:\workspace\PROJECT\DouPoOnline\Client\trunk\frameworks\cocos2d-x\cocos\scripting\lua-bindings\proj.win32\Debug.win32\libluacocos2d\Lib-link.read.1.tlog
E:\workspace\PROJECT\DouPoOnline\Client\trunk\frameworks\cocos2d-x\cocos\scripting\lua-bindings\proj.win32\Debug.win32\libluacocos2d\Lib-link.write.1.tlog
E:\workspace\PROJECT\DouPoOnline\Client\trunk\frameworks\cocos2d-x\cocos\scripting\lua-bindings\proj.win32\Debug.win32\libluacocos2d\lib.command.1.tlog
E:\workspace\PROJECT\DouPoOnline\Client\trunk\frameworks\runtime-src\proj.win32\Debug.win32\libluacocos2d.lib
